{"/Users/gokceer/Desktop/Projects/plant-app/assets/icons/ScanIcon.tsx": {"path":"/Users/gokceer/Desktop/Projects/plant-app/assets/icons/ScanIcon.tsx","statementMap":{"0":{"start":{"line":4,"column":17},"end":{"line":15,"column":1}},"1":{"start":{"line":5,"column":2},"end":{"line":14,"column":4}}},"fnMap":{"0":{"name":"(anonymous_0)","decl":{"start":{"line":4,"column":17},"end":{"line":4,"column":18}},"loc":{"start":{"line":4,"column":38},"end":{"line":15,"column":1}},"line":4}},"branchMap":{},"s":{"0":1,"1":2},"f":{"0":2},"b":{},"_coverageSchema":"1a1c01bbd47fc00a2c39e90264f33305004495a9","hash":"d23c30cee4a45a1873234811efbee545c995f809"}
,"/Users/gokceer/Desktop/Projects/plant-app/assets/icons/arrowIcon.png": {"path":"/Users/gokceer/Desktop/Projects/plant-app/assets/icons/arrowIcon.png","statementMap":{"0":{"start":{"line":1,"column":0},"end":{"line":4,"column":6}}},"fnMap":{},"branchMap":{},"s":{"0":2},"f":{},"b":{},"_coverageSchema":"1a1c01bbd47fc00a2c39e90264f33305004495a9","hash":"5bff5563d75618c1b5633b550cd6c05ec71a1884"}
,"/Users/gokceer/Desktop/Projects/plant-app/assets/icons/closeIcon.png": {"path":"/Users/gokceer/Desktop/Projects/plant-app/assets/icons/closeIcon.png","statementMap":{"0":{"start":{"line":1,"column":0},"end":{"line":4,"column":6}}},"fnMap":{},"branchMap":{},"s":{"0":2},"f":{},"b":{},"_coverageSchema":"1a1c01bbd47fc00a2c39e90264f33305004495a9","hash":"f032fa640c6f7bb70fd4fc23543b4427a5675106"}
,"/Users/gokceer/Desktop/Projects/plant-app/assets/icons/envelopeIcon.png": {"path":"/Users/gokceer/Desktop/Projects/plant-app/assets/icons/envelopeIcon.png","statementMap":{"0":{"start":{"line":1,"column":0},"end":{"line":4,"column":6}}},"fnMap":{},"branchMap":{},"s":{"0":2},"f":{},"b":{},"_coverageSchema":"1a1c01bbd47fc00a2c39e90264f33305004495a9","hash":"03ca86a9f5aee867da684e5f2196ae902c60a33f"}
,"/Users/gokceer/Desktop/Projects/plant-app/assets/icons/fastIcon.png": {"path":"/Users/gokceer/Desktop/Projects/plant-app/assets/icons/fastIcon.png","statementMap":{"0":{"start":{"line":1,"column":0},"end":{"line":4,"column":6}}},"fnMap":{},"branchMap":{},"s":{"0":4},"f":{},"b":{},"_coverageSchema":"1a1c01bbd47fc00a2c39e90264f33305004495a9","hash":"a97f7dafaeb7c7421cf3b3c2636608963ea5114e"}
,"/Users/gokceer/Desktop/Projects/plant-app/assets/icons/scanIcon.png": {"path":"/Users/gokceer/Desktop/Projects/plant-app/assets/icons/scanIcon.png","statementMap":{"0":{"start":{"line":1,"column":0},"end":{"line":4,"column":6}}},"fnMap":{},"branchMap":{},"s":{"0":4},"f":{},"b":{},"_coverageSchema":"1a1c01bbd47fc00a2c39e90264f33305004495a9","hash":"dc15cb10478b092dfc220fce71d8f7b20942f3cd"}
,"/Users/gokceer/Desktop/Projects/plant-app/assets/icons/searchIcon.png": {"path":"/Users/gokceer/Desktop/Projects/plant-app/assets/icons/searchIcon.png","statementMap":{"0":{"start":{"line":1,"column":0},"end":{"line":4,"column":6}}},"fnMap":{},"branchMap":{},"s":{"0":3},"f":{},"b":{},"_coverageSchema":"1a1c01bbd47fc00a2c39e90264f33305004495a9","hash":"da2bb41cd463d4ce8fdb53ba64a96c5c14d08cba"}
,"/Users/gokceer/Desktop/Projects/plant-app/assets/images/blurredLeaves.png": {"path":"/Users/gokceer/Desktop/Projects/plant-app/assets/images/blurredLeaves.png","statementMap":{"0":{"start":{"line":1,"column":0},"end":{"line":4,"column":6}}},"fnMap":{},"branchMap":{},"s":{"0":2},"f":{},"b":{},"_coverageSchema":"1a1c01bbd47fc00a2c39e90264f33305004495a9","hash":"124ee356202d3315592ffc8fe2859875986d1dc9"}
,"/Users/gokceer/Desktop/Projects/plant-app/assets/images/decorativeArtwork.png": {"path":"/Users/gokceer/Desktop/Projects/plant-app/assets/images/decorativeArtwork.png","statementMap":{"0":{"start":{"line":1,"column":0},"end":{"line":4,"column":6}}},"fnMap":{},"branchMap":{},"s":{"0":2},"f":{},"b":{},"_coverageSchema":"1a1c01bbd47fc00a2c39e90264f33305004495a9","hash":"cb50ffcc4b0b61e0b6b5fc4fffaee43c4c3c8850"}
,"/Users/gokceer/Desktop/Projects/plant-app/assets/images/featureOverview.png": {"path":"/Users/gokceer/Desktop/Projects/plant-app/assets/images/featureOverview.png","statementMap":{"0":{"start":{"line":1,"column":0},"end":{"line":4,"column":6}}},"fnMap":{},"branchMap":{},"s":{"0":2},"f":{},"b":{},"_coverageSchema":"1a1c01bbd47fc00a2c39e90264f33305004495a9","hash":"89f9c5b2302c30bfcc7d9e64c507d644c21ad733"}
,"/Users/gokceer/Desktop/Projects/plant-app/assets/images/headerBackground.png": {"path":"/Users/gokceer/Desktop/Projects/plant-app/assets/images/headerBackground.png","statementMap":{"0":{"start":{"line":1,"column":0},"end":{"line":4,"column":6}}},"fnMap":{},"branchMap":{},"s":{"0":2},"f":{},"b":{},"_coverageSchema":"1a1c01bbd47fc00a2c39e90264f33305004495a9","hash":"2a80219a3138af6466e896e8499b6b9cf50a6b87"}
,"/Users/gokceer/Desktop/Projects/plant-app/assets/images/iPhoneScreen.png": {"path":"/Users/gokceer/Desktop/Projects/plant-app/assets/images/iPhoneScreen.png","statementMap":{"0":{"start":{"line":1,"column":0},"end":{"line":4,"column":6}}},"fnMap":{},"branchMap":{},"s":{"0":2},"f":{},"b":{},"_coverageSchema":"1a1c01bbd47fc00a2c39e90264f33305004495a9","hash":"8d690e1fd784e4c627e4c53e0856e529def481d0"}
,"/Users/gokceer/Desktop/Projects/plant-app/assets/images/paywallPlant.png": {"path":"/Users/gokceer/Desktop/Projects/plant-app/assets/images/paywallPlant.png","statementMap":{"0":{"start":{"line":1,"column":0},"end":{"line":4,"column":6}}},"fnMap":{},"branchMap":{},"s":{"0":2},"f":{},"b":{},"_coverageSchema":"1a1c01bbd47fc00a2c39e90264f33305004495a9","hash":"ab69391da1c3b14d4efdd18918181282e5d860e4"}
,"/Users/gokceer/Desktop/Projects/plant-app/assets/images/plantAppLogo.png": {"path":"/Users/gokceer/Desktop/Projects/plant-app/assets/images/plantAppLogo.png","statementMap":{"0":{"start":{"line":1,"column":0},"end":{"line":4,"column":6}}},"fnMap":{},"branchMap":{},"s":{"0":1},"f":{},"b":{},"_coverageSchema":"1a1c01bbd47fc00a2c39e90264f33305004495a9","hash":"a76d1ef8bd08ca4f787c9e308bbfde3bc249726e"}
,"/Users/gokceer/Desktop/Projects/plant-app/assets/images/welcomeSlidePlant.png": {"path":"/Users/gokceer/Desktop/Projects/plant-app/assets/images/welcomeSlidePlant.png","statementMap":{"0":{"start":{"line":1,"column":0},"end":{"line":4,"column":6}}},"fnMap":{},"branchMap":{},"s":{"0":2},"f":{},"b":{},"_coverageSchema":"1a1c01bbd47fc00a2c39e90264f33305004495a9","hash":"90f99cd13dd32899df497b3e42f7e565aa06a986"}
,"/Users/gokceer/Desktop/Projects/plant-app/components/index.ts": {"path":"/Users/gokceer/Desktop/Projects/plant-app/components/index.ts","statementMap":{},"fnMap":{},"branchMap":{},"s":{},"f":{},"b":{},"_coverageSchema":"1a1c01bbd47fc00a2c39e90264f33305004495a9","hash":"e1514ddac0311963d15cada33d8ee7730202ff57"}
,"/Users/gokceer/Desktop/Projects/plant-app/components/ComingSoon/ComingSoon.tsx": {"path":"/Users/gokceer/Desktop/Projects/plant-app/components/ComingSoon/ComingSoon.tsx","statementMap":{"0":{"start":{"line":4,"column":19},"end":{"line":14,"column":1}},"1":{"start":{"line":5,"column":2},"end":{"line":13,"column":4}},"2":{"start":{"line":18,"column":15},"end":{"line":34,"column":2}}},"fnMap":{"0":{"name":"(anonymous_0)","decl":{"start":{"line":4,"column":19},"end":{"line":4,"column":20}},"loc":{"start":{"line":4,"column":25},"end":{"line":14,"column":1}},"line":4}},"branchMap":{},"s":{"0":10,"1":1,"2":10},"f":{"0":1},"b":{},"_coverageSchema":"1a1c01bbd47fc00a2c39e90264f33305004495a9","hash":"13322d42e864a944bf4ff8a38a951d013a971333"}
,"/Users/gokceer/Desktop/Projects/plant-app/components/GradientText/GradientText.tsx": {"path":"/Users/gokceer/Desktop/Projects/plant-app/components/GradientText/GradientText.tsx","statementMap":{"0":{"start":{"line":12,"column":50},"end":{"line":24,"column":1}},"1":{"start":{"line":13,"column":2},"end":{"line":23,"column":4}},"2":{"start":{"line":26,"column":15},"end":{"line":31,"column":2}}},"fnMap":{"0":{"name":"(anonymous_0)","decl":{"start":{"line":12,"column":50},"end":{"line":12,"column":51}},"loc":{"start":{"line":12,"column":79},"end":{"line":24,"column":1}},"line":12}},"branchMap":{},"s":{"0":9,"1":3,"2":9},"f":{"0":3},"b":{},"_coverageSchema":"1a1c01bbd47fc00a2c39e90264f33305004495a9","hash":"b7cd68286c3da0a27b3d4863216447a8b6456eb6"}
,"/Users/gokceer/Desktop/Projects/plant-app/components/MainButton/MainButton.tsx": {"path":"/Users/gokceer/Desktop/Projects/plant-app/components/MainButton/MainButton.tsx","statementMap":{"0":{"start":{"line":10,"column":19},"end":{"line":20,"column":1}},"1":{"start":{"line":11,"column":2},"end":{"line":19,"column":4}},"2":{"start":{"line":24,"column":15},"end":{"line":36,"column":2}}},"fnMap":{"0":{"name":"(anonymous_0)","decl":{"start":{"line":10,"column":19},"end":{"line":10,"column":20}},"loc":{"start":{"line":10,"column":68},"end":{"line":20,"column":1}},"line":10}},"branchMap":{"0":{"loc":{"start":{"line":15,"column":14},"end":{"line":15,"column":36}},"type":"binary-expr","locations":[{"start":{"line":15,"column":14},"end":{"line":15,"column":20}},{"start":{"line":15,"column":24},"end":{"line":15,"column":36}}],"line":15}},"s":{"0":10,"1":19,"2":10},"f":{"0":19},"b":{"0":[19,11]},"_coverageSchema":"1a1c01bbd47fc00a2c39e90264f33305004495a9","hash":"7524b7dfdb0981c18f2aa459f564409fa326d660"}
,"/Users/gokceer/Desktop/Projects/plant-app/components/RadioButton/RadioButton.tsx": {"path":"/Users/gokceer/Desktop/Projects/plant-app/components/RadioButton/RadioButton.tsx","statementMap":{"0":{"start":{"line":4,"column":20},"end":{"line":11,"column":1}},"1":{"start":{"line":5,"column":2},"end":{"line":10,"column":9}},"2":{"start":{"line":15,"column":15},"end":{"line":33,"column":2}}},"fnMap":{"0":{"name":"(anonymous_0)","decl":{"start":{"line":4,"column":20},"end":{"line":4,"column":21}},"loc":{"start":{"line":5,"column":2},"end":{"line":10,"column":9}},"line":5}},"branchMap":{"0":{"loc":{"start":{"line":6,"column":31},"end":{"line":6,"column":66}},"type":"binary-expr","locations":[{"start":{"line":6,"column":31},"end":{"line":6,"column":39}},{"start":{"line":6,"column":43},"end":{"line":6,"column":66}}],"line":6},"1":{"loc":{"start":{"line":9,"column":5},"end":{"line":9,"column":75}},"type":"binary-expr","locations":[{"start":{"line":9,"column":5},"end":{"line":9,"column":13}},{"start":{"line":9,"column":17},"end":{"line":9,"column":75}}],"line":9}},"s":{"0":10,"1":33,"2":10},"f":{"0":33},"b":{"0":[33,15],"1":[33,15]},"_coverageSchema":"1a1c01bbd47fc00a2c39e90264f33305004495a9","hash":"bb00a576a473e6ef82c9beb98735c5d0519a20df"}
,"/Users/gokceer/Desktop/Projects/plant-app/components/SearchBar/SearchBar.tsx": {"path":"/Users/gokceer/Desktop/Projects/plant-app/components/SearchBar/SearchBar.tsx","statementMap":{"0":{"start":{"line":4,"column":18},"end":{"line":18,"column":1}},"1":{"start":{"line":5,"column":2},"end":{"line":17,"column":4}},"2":{"start":{"line":22,"column":15},"end":{"line":41,"column":2}}},"fnMap":{"0":{"name":"(anonymous_0)","decl":{"start":{"line":4,"column":18},"end":{"line":4,"column":19}},"loc":{"start":{"line":4,"column":65},"end":{"line":18,"column":1}},"line":4}},"branchMap":{"0":{"loc":{"start":{"line":12,"column":21},"end":{"line":12,"column":55}},"type":"binary-expr","locations":[{"start":{"line":12,"column":21},"end":{"line":12,"column":32}},{"start":{"line":12,"column":36},"end":{"line":12,"column":55}}],"line":12}},"s":{"0":10,"1":6,"2":10},"f":{"0":6},"b":{"0":[6,6]},"_coverageSchema":"1a1c01bbd47fc00a2c39e90264f33305004495a9","hash":"90127ec35f885c1a18c5afa1ded3ec9a0e41efac"}
,"/Users/gokceer/Desktop/Projects/plant-app/features/home/HomeScreen.tsx": {"path":"/Users/gokceer/Desktop/Projects/plant-app/features/home/HomeScreen.tsx","statementMap":{"0":{"start":{"line":23,"column":19},"end":{"line":83,"column":1}},"1":{"start":{"line":24,"column":19},"end":{"line":24,"column":35}},"2":{"start":{"line":30,"column":6},"end":{"line":30,"column":49}},"3":{"start":{"line":30,"column":32},"end":{"line":30,"column":48}},"4":{"start":{"line":36,"column":6},"end":{"line":36,"column":48}},"5":{"start":{"line":36,"column":32},"end":{"line":36,"column":47}},"6":{"start":{"line":38,"column":2},"end":{"line":41,"column":17}},"7":{"start":{"line":39,"column":4},"end":{"line":39,"column":32}},"8":{"start":{"line":40,"column":4},"end":{"line":40,"column":31}},"9":{"start":{"line":43,"column":20},"end":{"line":43,"column":57}},"10":{"start":{"line":44,"column":23},"end":{"line":44,"column":56}},"11":{"start":{"line":46,"column":2},"end":{"line":52,"column":3}},"12":{"start":{"line":47,"column":4},"end":{"line":51,"column":6}},"13":{"start":{"line":54,"column":2},"end":{"line":64,"column":3}},"14":{"start":{"line":55,"column":4},"end":{"line":63,"column":6}},"15":{"start":{"line":66,"column":2},"end":{"line":82,"column":4}},"16":{"start":{"line":87,"column":15},"end":{"line":111,"column":2}}},"fnMap":{"0":{"name":"(anonymous_0)","decl":{"start":{"line":23,"column":19},"end":{"line":23,"column":20}},"loc":{"start":{"line":23,"column":25},"end":{"line":83,"column":1}},"line":23},"1":{"name":"(anonymous_1)","decl":{"start":{"line":30,"column":21},"end":{"line":30,"column":22}},"loc":{"start":{"line":30,"column":32},"end":{"line":30,"column":48}},"line":30},"2":{"name":"(anonymous_2)","decl":{"start":{"line":36,"column":21},"end":{"line":36,"column":22}},"loc":{"start":{"line":36,"column":32},"end":{"line":36,"column":47}},"line":36},"3":{"name":"(anonymous_3)","decl":{"start":{"line":38,"column":12},"end":{"line":38,"column":13}},"loc":{"start":{"line":38,"column":18},"end":{"line":41,"column":3}},"line":38}},"branchMap":{"0":{"loc":{"start":{"line":43,"column":20},"end":{"line":43,"column":57}},"type":"binary-expr","locations":[{"start":{"line":43,"column":20},"end":{"line":43,"column":37}},{"start":{"line":43,"column":41},"end":{"line":43,"column":57}}],"line":43},"1":{"loc":{"start":{"line":44,"column":23},"end":{"line":44,"column":56}},"type":"binary-expr","locations":[{"start":{"line":44,"column":23},"end":{"line":44,"column":38}},{"start":{"line":44,"column":42},"end":{"line":44,"column":56}}],"line":44},"2":{"loc":{"start":{"line":46,"column":2},"end":{"line":52,"column":3}},"type":"if","locations":[{"start":{"line":46,"column":2},"end":{"line":52,"column":3}},{"start":{},"end":{}}],"line":46},"3":{"loc":{"start":{"line":54,"column":2},"end":{"line":64,"column":3}},"type":"if","locations":[{"start":{"line":54,"column":2},"end":{"line":64,"column":3}},{"start":{},"end":{}}],"line":54},"4":{"loc":{"start":{"line":60,"column":11},"end":{"line":60,"column":44}},"type":"binary-expr","locations":[{"start":{"line":60,"column":11},"end":{"line":60,"column":23}},{"start":{"line":60,"column":27},"end":{"line":60,"column":44}}],"line":60}},"s":{"0":1,"1":4,"2":4,"3":4,"4":4,"5":4,"6":4,"7":4,"8":4,"9":4,"10":4,"11":4,"12":2,"13":2,"14":1,"15":1,"16":1},"f":{"0":4,"1":4,"2":4,"3":4},"b":{"0":[4,2],"1":[4,3],"2":[2,2],"3":[1,1],"4":[1,0]},"_coverageSchema":"1a1c01bbd47fc00a2c39e90264f33305004495a9","hash":"3a8bddade1d1d3075c25bd7a4b0c5a64560eba84"}
,"/Users/gokceer/Desktop/Projects/plant-app/features/home/components/index.ts": {"path":"/Users/gokceer/Desktop/Projects/plant-app/features/home/components/index.ts","statementMap":{},"fnMap":{},"branchMap":{},"s":{},"f":{},"b":{},"_coverageSchema":"1a1c01bbd47fc00a2c39e90264f33305004495a9","hash":"a9d2726a46d34787c50ee196331132f8edce3fda"}
,"/Users/gokceer/Desktop/Projects/plant-app/features/home/components/CategoryBox/CategoryBox.tsx": {"path":"/Users/gokceer/Desktop/Projects/plant-app/features/home/components/CategoryBox/CategoryBox.tsx","statementMap":{"0":{"start":{"line":11,"column":20},"end":{"line":11,"column":50}},"1":{"start":{"line":14,"column":25},"end":{"line":14,"column":27}},"2":{"start":{"line":15,"column":17},"end":{"line":15,"column":53}},"3":{"start":{"line":17,"column":20},"end":{"line":41,"column":1}},"4":{"start":{"line":24,"column":20},"end":{"line":24,"column":34}},"5":{"start":{"line":25,"column":2},"end":{"line":40,"column":4}},"6":{"start":{"line":45,"column":15},"end":{"line":64,"column":2}}},"fnMap":{"0":{"name":"(anonymous_0)","decl":{"start":{"line":17,"column":20},"end":{"line":17,"column":21}},"loc":{"start":{"line":23,"column":6},"end":{"line":41,"column":1}},"line":23}},"branchMap":{},"s":{"0":3,"1":3,"2":3,"3":3,"4":6,"5":6,"6":3},"f":{"0":6},"b":{},"_coverageSchema":"1a1c01bbd47fc00a2c39e90264f33305004495a9","hash":"3d065dc43ed98a2a415af695da1ddad09c0987ef"}
,"/Users/gokceer/Desktop/Projects/plant-app/features/home/components/CategoryList/CategoryList.tsx": {"path":"/Users/gokceer/Desktop/Projects/plant-app/features/home/components/CategoryList/CategoryList.tsx","statementMap":{"0":{"start":{"line":6,"column":21},"end":{"line":21,"column":1}},"1":{"start":{"line":7,"column":2},"end":{"line":20,"column":4}},"2":{"start":{"line":11,"column":36},"end":{"line":11,"column":52}},"3":{"start":{"line":13,"column":10},"end":{"line":13,"column":63}},"4":{"start":{"line":25,"column":15},"end":{"line":38,"column":2}}},"fnMap":{"0":{"name":"(anonymous_0)","decl":{"start":{"line":6,"column":21},"end":{"line":6,"column":22}},"loc":{"start":{"line":6,"column":69},"end":{"line":21,"column":1}},"line":6},"1":{"name":"(anonymous_1)","decl":{"start":{"line":11,"column":22},"end":{"line":11,"column":23}},"loc":{"start":{"line":11,"column":36},"end":{"line":11,"column":52}},"line":11},"2":{"name":"(anonymous_2)","decl":{"start":{"line":12,"column":20},"end":{"line":12,"column":21}},"loc":{"start":{"line":13,"column":10},"end":{"line":13,"column":63}},"line":13}},"branchMap":{},"s":{"0":2,"1":3,"2":8,"3":5,"4":2},"f":{"0":3,"1":8,"2":5},"b":{},"_coverageSchema":"1a1c01bbd47fc00a2c39e90264f33305004495a9","hash":"742cfd202c09d9903a503a7fa9f80847f60ddce1"}
,"/Users/gokceer/Desktop/Projects/plant-app/features/home/components/HeaderSection/HeaderSection.tsx": {"path":"/Users/gokceer/Desktop/Projects/plant-app/features/home/components/HeaderSection/HeaderSection.tsx","statementMap":{"0":{"start":{"line":11,"column":20},"end":{"line":11,"column":50}},"1":{"start":{"line":12,"column":20},"end":{"line":12,"column":30}},"2":{"start":{"line":13,"column":20},"end":{"line":13,"column":45}},"3":{"start":{"line":15,"column":22},"end":{"line":38,"column":1}},"4":{"start":{"line":16,"column":22},"end":{"line":23,"column":3}},"5":{"start":{"line":17,"column":17},"end":{"line":17,"column":38}},"6":{"start":{"line":19,"column":4},"end":{"line":19,"column":58}},"7":{"start":{"line":19,"column":32},"end":{"line":19,"column":58}},"8":{"start":{"line":20,"column":4},"end":{"line":20,"column":62}},"9":{"start":{"line":20,"column":33},"end":{"line":20,"column":62}},"10":{"start":{"line":21,"column":4},"end":{"line":21,"column":60}},"11":{"start":{"line":21,"column":33},"end":{"line":21,"column":60}},"12":{"start":{"line":22,"column":4},"end":{"line":22,"column":28}},"13":{"start":{"line":25,"column":2},"end":{"line":37,"column":4}},"14":{"start":{"line":42,"column":15},"end":{"line":60,"column":2}}},"fnMap":{"0":{"name":"(anonymous_0)","decl":{"start":{"line":15,"column":22},"end":{"line":15,"column":23}},"loc":{"start":{"line":15,"column":28},"end":{"line":38,"column":1}},"line":15},"1":{"name":"(anonymous_1)","decl":{"start":{"line":16,"column":22},"end":{"line":16,"column":23}},"loc":{"start":{"line":16,"column":36},"end":{"line":23,"column":3}},"line":16}},"branchMap":{"0":{"loc":{"start":{"line":19,"column":4},"end":{"line":19,"column":58}},"type":"if","locations":[{"start":{"line":19,"column":4},"end":{"line":19,"column":58}},{"start":{},"end":{}}],"line":19},"1":{"loc":{"start":{"line":19,"column":8},"end":{"line":19,"column":30}},"type":"binary-expr","locations":[{"start":{"line":19,"column":8},"end":{"line":19,"column":17}},{"start":{"line":19,"column":21},"end":{"line":19,"column":30}}],"line":19},"2":{"loc":{"start":{"line":20,"column":4},"end":{"line":20,"column":62}},"type":"if","locations":[{"start":{"line":20,"column":4},"end":{"line":20,"column":62}},{"start":{},"end":{}}],"line":20},"3":{"loc":{"start":{"line":20,"column":8},"end":{"line":20,"column":31}},"type":"binary-expr","locations":[{"start":{"line":20,"column":8},"end":{"line":20,"column":18}},{"start":{"line":20,"column":22},"end":{"line":20,"column":31}}],"line":20},"4":{"loc":{"start":{"line":21,"column":4},"end":{"line":21,"column":60}},"type":"if","locations":[{"start":{"line":21,"column":4},"end":{"line":21,"column":60}},{"start":{},"end":{}}],"line":21},"5":{"loc":{"start":{"line":21,"column":8},"end":{"line":21,"column":31}},"type":"binary-expr","locations":[{"start":{"line":21,"column":8},"end":{"line":21,"column":18}},{"start":{"line":21,"column":22},"end":{"line":21,"column":31}}],"line":21}},"s":{"0":2,"1":2,"2":2,"3":2,"4":5,"5":5,"6":5,"7":2,"8":3,"9":1,"10":2,"11":1,"12":1,"13":5,"14":2},"f":{"0":5,"1":5},"b":{"0":[2,3],"1":[5,4],"2":[1,2],"3":[3,2],"4":[1,1],"5":[2,1]},"_coverageSchema":"1a1c01bbd47fc00a2c39e90264f33305004495a9","hash":"b2fc8de94500882e034d51ba34256b0c45732d5c"}
,"/Users/gokceer/Desktop/Projects/plant-app/features/home/components/PremiumBanner/PremiumBanner.tsx": {"path":"/Users/gokceer/Desktop/Projects/plant-app/features/home/components/PremiumBanner/PremiumBanner.tsx","statementMap":{"0":{"start":{"line":5,"column":22},"end":{"line":34,"column":1}},"1":{"start":{"line":6,"column":2},"end":{"line":33,"column":4}},"2":{"start":{"line":9,"column":21},"end":{"line":9,"column":32}},"3":{"start":{"line":38,"column":15},"end":{"line":72,"column":2}}},"fnMap":{"0":{"name":"(anonymous_0)","decl":{"start":{"line":5,"column":22},"end":{"line":5,"column":23}},"loc":{"start":{"line":5,"column":65},"end":{"line":34,"column":1}},"line":5},"1":{"name":"(anonymous_1)","decl":{"start":{"line":9,"column":15},"end":{"line":9,"column":16}},"loc":{"start":{"line":9,"column":21},"end":{"line":9,"column":32}},"line":9}},"branchMap":{},"s":{"0":2,"1":3,"2":1,"3":2},"f":{"0":3,"1":1},"b":{},"_coverageSchema":"1a1c01bbd47fc00a2c39e90264f33305004495a9","hash":"4aee383fc31b8b7908d80ad0fad3bb49dc53f08f"}
,"/Users/gokceer/Desktop/Projects/plant-app/features/home/components/QuestionCard/QuestionCard.tsx": {"path":"/Users/gokceer/Desktop/Projects/plant-app/features/home/components/QuestionCard/QuestionCard.tsx","statementMap":{"0":{"start":{"line":5,"column":21},"end":{"line":15,"column":1}},"1":{"start":{"line":6,"column":2},"end":{"line":14,"column":9}},"2":{"start":{"line":19,"column":15},"end":{"line":50,"column":2}}},"fnMap":{"0":{"name":"(anonymous_0)","decl":{"start":{"line":5,"column":21},"end":{"line":5,"column":22}},"loc":{"start":{"line":6,"column":2},"end":{"line":14,"column":9}},"line":6}},"branchMap":{},"s":{"0":3,"1":4,"2":3},"f":{"0":4},"b":{},"_coverageSchema":"1a1c01bbd47fc00a2c39e90264f33305004495a9","hash":"71b6707614bdec7e8e3606348d1f260811911c67"}
,"/Users/gokceer/Desktop/Projects/plant-app/features/home/components/QuestionList/QuestionList.tsx": {"path":"/Users/gokceer/Desktop/Projects/plant-app/features/home/components/QuestionList/QuestionList.tsx","statementMap":{"0":{"start":{"line":6,"column":21},"end":{"line":26,"column":1}},"1":{"start":{"line":7,"column":2},"end":{"line":25,"column":4}},"2":{"start":{"line":17,"column":10},"end":{"line":21,"column":12}},"3":{"start":{"line":30,"column":15},"end":{"line":42,"column":2}}},"fnMap":{"0":{"name":"(anonymous_0)","decl":{"start":{"line":6,"column":21},"end":{"line":6,"column":22}},"loc":{"start":{"line":6,"column":67},"end":{"line":26,"column":1}},"line":6},"1":{"name":"(anonymous_1)","decl":{"start":{"line":16,"column":23},"end":{"line":16,"column":24}},"loc":{"start":{"line":17,"column":10},"end":{"line":21,"column":12}},"line":17}},"branchMap":{},"s":{"0":2,"1":3,"2":3,"3":2},"f":{"0":3,"1":3},"b":{},"_coverageSchema":"1a1c01bbd47fc00a2c39e90264f33305004495a9","hash":"7a248b7ed92bf34894f6ada2a51ef438ed9ff74d"}
,"/Users/gokceer/Desktop/Projects/plant-app/features/onboarding/OnboardingScreen.tsx": {"path":"/Users/gokceer/Desktop/Projects/plant-app/features/onboarding/OnboardingScreen.tsx","statementMap":{"0":{"start":{"line":8,"column":25},"end":{"line":58,"column":1}},"1":{"start":{"line":9,"column":17},"end":{"line":9,"column":28}},"2":{"start":{"line":10,"column":22},"end":{"line":10,"column":44}},"3":{"start":{"line":11,"column":42},"end":{"line":11,"column":53}},"4":{"start":{"line":13,"column":21},"end":{"line":21,"column":3}},"5":{"start":{"line":14,"column":4},"end":{"line":20,"column":5}},"6":{"start":{"line":15,"column":6},"end":{"line":18,"column":9}},"7":{"start":{"line":19,"column":6},"end":{"line":19,"column":42}},"8":{"start":{"line":19,"column":32},"end":{"line":19,"column":40}},"9":{"start":{"line":23,"column":33},"end":{"line":23,"column":48}},"10":{"start":{"line":25,"column":21},"end":{"line":28,"column":3}},"11":{"start":{"line":26,"column":4},"end":{"line":26,"column":31}},"12":{"start":{"line":27,"column":4},"end":{"line":27,"column":30}},"13":{"start":{"line":30,"column":17},"end":{"line":30,"column":41}},"14":{"start":{"line":32,"column":2},"end":{"line":57,"column":4}},"15":{"start":{"line":37,"column":32},"end":{"line":37,"column":40}},"16":{"start":{"line":38,"column":34},"end":{"line":38,"column":48}},"17":{"start":{"line":43,"column":38},"end":{"line":47,"column":9}},"18":{"start":{"line":62,"column":15},"end":{"line":68,"column":2}}},"fnMap":{"0":{"name":"(anonymous_0)","decl":{"start":{"line":8,"column":25},"end":{"line":8,"column":26}},"loc":{"start":{"line":8,"column":31},"end":{"line":58,"column":1}},"line":8},"1":{"name":"(anonymous_1)","decl":{"start":{"line":13,"column":21},"end":{"line":13,"column":22}},"loc":{"start":{"line":13,"column":27},"end":{"line":21,"column":3}},"line":13},"2":{"name":"(anonymous_2)","decl":{"start":{"line":19,"column":22},"end":{"line":19,"column":23}},"loc":{"start":{"line":19,"column":32},"end":{"line":19,"column":40}},"line":19},"3":{"name":"(anonymous_3)","decl":{"start":{"line":25,"column":21},"end":{"line":25,"column":22}},"loc":{"start":{"line":25,"column":33},"end":{"line":28,"column":3}},"line":25},"4":{"name":"(anonymous_4)","decl":{"start":{"line":37,"column":22},"end":{"line":37,"column":23}},"loc":{"start":{"line":37,"column":32},"end":{"line":37,"column":40}},"line":37},"5":{"name":"(anonymous_5)","decl":{"start":{"line":38,"column":20},"end":{"line":38,"column":21}},"loc":{"start":{"line":38,"column":34},"end":{"line":38,"column":48}},"line":38},"6":{"name":"(anonymous_6)","decl":{"start":{"line":43,"column":23},"end":{"line":43,"column":24}},"loc":{"start":{"line":43,"column":38},"end":{"line":47,"column":9}},"line":43}},"branchMap":{"0":{"loc":{"start":{"line":14,"column":4},"end":{"line":20,"column":5}},"type":"if","locations":[{"start":{"line":14,"column":4},"end":{"line":20,"column":5}},{"start":{},"end":{}}],"line":14},"1":{"loc":{"start":{"line":49,"column":7},"end":{"line":55,"column":7}},"type":"binary-expr","locations":[{"start":{"line":49,"column":7},"end":{"line":49,"column":50}},{"start":{"line":50,"column":8},"end":{"line":54,"column":10}}],"line":49}},"s":{"0":1,"1":6,"2":6,"3":6,"4":6,"5":4,"6":4,"7":4,"8":4,"9":6,"10":6,"11":1,"12":1,"13":6,"14":6,"15":34,"16":24,"17":8,"18":1},"f":{"0":6,"1":4,"2":4,"3":1,"4":34,"5":24,"6":8},"b":{"0":[4,0],"1":[6,5]},"_coverageSchema":"1a1c01bbd47fc00a2c39e90264f33305004495a9","hash":"8a97f26ae85f3107485760aca694383f93fe027d"}
,"/Users/gokceer/Desktop/Projects/plant-app/features/onboarding/components/Footer.tsx": {"path":"/Users/gokceer/Desktop/Projects/plant-app/features/onboarding/components/Footer.tsx","statementMap":{"0":{"start":{"line":11,"column":15},"end":{"line":42,"column":1}},"1":{"start":{"line":12,"column":2},"end":{"line":41,"column":4}},"2":{"start":{"line":31,"column":12},"end":{"line":36,"column":20}},"3":{"start":{"line":46,"column":15},"end":{"line":83,"column":2}}},"fnMap":{"0":{"name":"(anonymous_0)","decl":{"start":{"line":11,"column":15},"end":{"line":11,"column":16}},"loc":{"start":{"line":11,"column":71},"end":{"line":42,"column":1}},"line":11},"1":{"name":"(anonymous_1)","decl":{"start":{"line":30,"column":51},"end":{"line":30,"column":52}},"loc":{"start":{"line":31,"column":12},"end":{"line":36,"column":20}},"line":31}},"branchMap":{"0":{"loc":{"start":{"line":16,"column":17},"end":{"line":16,"column":64}},"type":"cond-expr","locations":[{"start":{"line":16,"column":38},"end":{"line":16,"column":51}},{"start":{"line":16,"column":54},"end":{"line":16,"column":64}}],"line":16},"1":{"loc":{"start":{"line":22,"column":7},"end":{"line":39,"column":7}},"type":"cond-expr","locations":[{"start":{"line":23,"column":8},"end":{"line":27,"column":15}},{"start":{"line":29,"column":8},"end":{"line":38,"column":15}}],"line":22},"2":{"loc":{"start":{"line":31,"column":12},"end":{"line":36,"column":20}},"type":"cond-expr","locations":[{"start":{"line":32,"column":14},"end":{"line":35,"column":16}},{"start":{"line":36,"column":16},"end":{"line":36,"column":20}}],"line":31},"3":{"loc":{"start":{"line":34,"column":36},"end":{"line":34,"column":78}},"type":"binary-expr","locations":[{"start":{"line":34,"column":36},"end":{"line":34,"column":58}},{"start":{"line":34,"column":62},"end":{"line":34,"column":78}}],"line":34}},"s":{"0":2,"1":8,"2":20,"3":2},"f":{"0":8,"1":20},"b":{"0":[3,5],"1":[3,5],"2":[15,5],"3":[15,5]},"_coverageSchema":"1a1c01bbd47fc00a2c39e90264f33305004495a9","hash":"25efe5873772bdf8fece34cfb7a74ef265a58bee"}
,"/Users/gokceer/Desktop/Projects/plant-app/features/onboarding/slides/index.ts": {"path":"/Users/gokceer/Desktop/Projects/plant-app/features/onboarding/slides/index.ts","statementMap":{},"fnMap":{},"branchMap":{},"s":{},"f":{},"b":{},"_coverageSchema":"1a1c01bbd47fc00a2c39e90264f33305004495a9","hash":"77ec92fd019dbd5a49b15554275c6aa3f22419ab"}
,"/Users/gokceer/Desktop/Projects/plant-app/features/onboarding/slides/FeatureOverviewSlide/FeatureOverviewSlide.tsx": {"path":"/Users/gokceer/Desktop/Projects/plant-app/features/onboarding/slides/FeatureOverviewSlide/FeatureOverviewSlide.tsx","statementMap":{"0":{"start":{"line":5,"column":53},"end":{"line":5,"column":77}},"1":{"start":{"line":7,"column":29},"end":{"line":22,"column":1}},"2":{"start":{"line":8,"column":2},"end":{"line":21,"column":4}},"3":{"start":{"line":26,"column":15},"end":{"line":42,"column":2}}},"fnMap":{"0":{"name":"(anonymous_0)","decl":{"start":{"line":7,"column":29},"end":{"line":7,"column":30}},"loc":{"start":{"line":7,"column":35},"end":{"line":22,"column":1}},"line":7}},"branchMap":{},"s":{"0":3,"1":3,"2":7,"3":3},"f":{"0":7},"b":{},"_coverageSchema":"1a1c01bbd47fc00a2c39e90264f33305004495a9","hash":"bdf81cdee6295da53e17cd4e4d71383810ffd467"}
,"/Users/gokceer/Desktop/Projects/plant-app/features/onboarding/slides/FeatureOverviewSlide/index.ts": {"path":"/Users/gokceer/Desktop/Projects/plant-app/features/onboarding/slides/FeatureOverviewSlide/index.ts","statementMap":{},"fnMap":{},"branchMap":{},"s":{},"f":{},"b":{},"_coverageSchema":"1a1c01bbd47fc00a2c39e90264f33305004495a9","hash":"bb631b9ce00bd797694ddf6bf33eaf854281778e"}
,"/Users/gokceer/Desktop/Projects/plant-app/features/onboarding/slides/SubscriptionSlide/SubscriptionSlide.tsx": {"path":"/Users/gokceer/Desktop/Projects/plant-app/features/onboarding/slides/SubscriptionSlide/SubscriptionSlide.tsx","statementMap":{"0":{"start":{"line":19,"column":31},"end":{"line":19,"column":55}},"1":{"start":{"line":20,"column":20},"end":{"line":20,"column":31}},"2":{"start":{"line":21,"column":20},"end":{"line":21,"column":45}},"3":{"start":{"line":23,"column":26},"end":{"line":65,"column":1}},"4":{"start":{"line":30,"column":2},"end":{"line":64,"column":4}},"5":{"start":{"line":58,"column":25},"end":{"line":58,"column":46}},"6":{"start":{"line":67,"column":15},"end":{"line":95,"column":2}}},"fnMap":{"0":{"name":"(anonymous_0)","decl":{"start":{"line":23,"column":26},"end":{"line":23,"column":27}},"loc":{"start":{"line":29,"column":6},"end":{"line":65,"column":1}},"line":29},"1":{"name":"(anonymous_1)","decl":{"start":{"line":58,"column":19},"end":{"line":58,"column":20}},"loc":{"start":{"line":58,"column":25},"end":{"line":58,"column":46}},"line":58}},"branchMap":{},"s":{"0":3,"1":3,"2":3,"3":3,"4":9,"5":1,"6":3},"f":{"0":9,"1":1},"b":{},"_coverageSchema":"1a1c01bbd47fc00a2c39e90264f33305004495a9","hash":"4c26758568e83699766c8e757272c4f0ecca3e6b"}
,"/Users/gokceer/Desktop/Projects/plant-app/features/onboarding/slides/SubscriptionSlide/index.ts": {"path":"/Users/gokceer/Desktop/Projects/plant-app/features/onboarding/slides/SubscriptionSlide/index.ts","statementMap":{},"fnMap":{},"branchMap":{},"s":{},"f":{},"b":{},"_coverageSchema":"1a1c01bbd47fc00a2c39e90264f33305004495a9","hash":"4be82144e7395c1f17b2e37bf850cd5ffb1ca416"}
,"/Users/gokceer/Desktop/Projects/plant-app/features/onboarding/slides/SubscriptionSlide/components/index.ts": {"path":"/Users/gokceer/Desktop/Projects/plant-app/features/onboarding/slides/SubscriptionSlide/components/index.ts","statementMap":{},"fnMap":{},"branchMap":{},"s":{},"f":{},"b":{},"_coverageSchema":"1a1c01bbd47fc00a2c39e90264f33305004495a9","hash":"40474b2fd2fd779fb47e1dbaf73af48d22fd5362"}
,"/Users/gokceer/Desktop/Projects/plant-app/features/onboarding/slides/SubscriptionSlide/components/FeatureBox/FeatureBox.tsx": {"path":"/Users/gokceer/Desktop/Projects/plant-app/features/onboarding/slides/SubscriptionSlide/components/FeatureBox/FeatureBox.tsx","statementMap":{"0":{"start":{"line":11,"column":19},"end":{"line":25,"column":1}},"1":{"start":{"line":20,"column":2},"end":{"line":24,"column":9}},"2":{"start":{"line":29,"column":15},"end":{"line":54,"column":2}}},"fnMap":{"0":{"name":"(anonymous_0)","decl":{"start":{"line":11,"column":19},"end":{"line":11,"column":20}},"loc":{"start":{"line":20,"column":2},"end":{"line":24,"column":9}},"line":20}},"branchMap":{},"s":{"0":5,"1":21,"2":5},"f":{"0":21},"b":{},"_coverageSchema":"1a1c01bbd47fc00a2c39e90264f33305004495a9","hash":"1399afb8a2a9647a669d1cb61241bd57e2172647"}
,"/Users/gokceer/Desktop/Projects/plant-app/features/onboarding/slides/SubscriptionSlide/components/FeatureHeader/FeatureHeader.tsx": {"path":"/Users/gokceer/Desktop/Projects/plant-app/features/onboarding/slides/SubscriptionSlide/components/FeatureHeader/FeatureHeader.tsx","statementMap":{"0":{"start":{"line":4,"column":22},"end":{"line":13,"column":1}},"1":{"start":{"line":5,"column":2},"end":{"line":12,"column":4}},"2":{"start":{"line":17,"column":15},"end":{"line":33,"column":2}}},"fnMap":{"0":{"name":"(anonymous_0)","decl":{"start":{"line":4,"column":22},"end":{"line":4,"column":23}},"loc":{"start":{"line":4,"column":28},"end":{"line":13,"column":1}},"line":4}},"branchMap":{},"s":{"0":4,"1":10,"2":4},"f":{"0":10},"b":{},"_coverageSchema":"1a1c01bbd47fc00a2c39e90264f33305004495a9","hash":"380b938bf4d7c3e9f6c3c853cf6e2734c96b2afb"}
,"/Users/gokceer/Desktop/Projects/plant-app/features/onboarding/slides/SubscriptionSlide/components/FeatureList/FeatureList.tsx": {"path":"/Users/gokceer/Desktop/Projects/plant-app/features/onboarding/slides/SubscriptionSlide/components/FeatureList/FeatureList.tsx","statementMap":{"0":{"start":{"line":5,"column":17},"end":{"line":16,"column":1}},"1":{"start":{"line":18,"column":20},"end":{"line":37,"column":1}},"2":{"start":{"line":19,"column":2},"end":{"line":36,"column":4}},"3":{"start":{"line":27,"column":10},"end":{"line":32,"column":12}},"4":{"start":{"line":41,"column":15},"end":{"line":43,"column":2}}},"fnMap":{"0":{"name":"(anonymous_0)","decl":{"start":{"line":18,"column":20},"end":{"line":18,"column":21}},"loc":{"start":{"line":18,"column":26},"end":{"line":37,"column":1}},"line":18},"1":{"name":"(anonymous_1)","decl":{"start":{"line":26,"column":22},"end":{"line":26,"column":23}},"loc":{"start":{"line":27,"column":10},"end":{"line":32,"column":12}},"line":27}},"branchMap":{},"s":{"0":4,"1":4,"2":10,"3":20,"4":4},"f":{"0":10,"1":20},"b":{},"_coverageSchema":"1a1c01bbd47fc00a2c39e90264f33305004495a9","hash":"56de14de482e1876c52cbcabf94fa3c2fb235786"}
,"/Users/gokceer/Desktop/Projects/plant-app/features/onboarding/slides/SubscriptionSlide/components/FooterLinks/FooterLinks.tsx": {"path":"/Users/gokceer/Desktop/Projects/plant-app/features/onboarding/slides/SubscriptionSlide/components/FooterLinks/FooterLinks.tsx","statementMap":{"0":{"start":{"line":4,"column":20},"end":{"line":14,"column":1}},"1":{"start":{"line":5,"column":2},"end":{"line":13,"column":4}},"2":{"start":{"line":18,"column":15},"end":{"line":33,"column":2}}},"fnMap":{"0":{"name":"(anonymous_0)","decl":{"start":{"line":4,"column":20},"end":{"line":4,"column":21}},"loc":{"start":{"line":4,"column":26},"end":{"line":14,"column":1}},"line":4}},"branchMap":{},"s":{"0":4,"1":10,"2":4},"f":{"0":10},"b":{},"_coverageSchema":"1a1c01bbd47fc00a2c39e90264f33305004495a9","hash":"884e2d2b37e920d3ee0420985299f83e3ae95af5"}
,"/Users/gokceer/Desktop/Projects/plant-app/features/onboarding/slides/SubscriptionSlide/components/PlanCard/PlanCard.tsx": {"path":"/Users/gokceer/Desktop/Projects/plant-app/features/onboarding/slides/SubscriptionSlide/components/PlanCard/PlanCard.tsx","statementMap":{"0":{"start":{"line":4,"column":17},"end":{"line":41,"column":1}},"1":{"start":{"line":19,"column":2},"end":{"line":40,"column":14}},"2":{"start":{"line":45,"column":15},"end":{"line":97,"column":2}}},"fnMap":{"0":{"name":"(anonymous_0)","decl":{"start":{"line":4,"column":17},"end":{"line":4,"column":18}},"loc":{"start":{"line":19,"column":2},"end":{"line":40,"column":14}},"line":19}},"branchMap":{"0":{"loc":{"start":{"line":23,"column":28},"end":{"line":23,"column":78}},"type":"cond-expr","locations":[{"start":{"line":23,"column":39},"end":{"line":23,"column":56}},{"start":{"line":23,"column":59},"end":{"line":23,"column":78}}],"line":23},"1":{"loc":{"start":{"line":31,"column":11},"end":{"line":35,"column":11}},"type":"binary-expr","locations":[{"start":{"line":31,"column":11},"end":{"line":31,"column":16}},{"start":{"line":32,"column":12},"end":{"line":34,"column":19}}],"line":31}},"s":{"0":5,"1":30,"2":5},"f":{"0":30},"b":{"0":[13,17],"1":[30,14]},"_coverageSchema":"1a1c01bbd47fc00a2c39e90264f33305004495a9","hash":"38e2e75866d3c2480769ad53f7d5ed9149f57b38"}
,"/Users/gokceer/Desktop/Projects/plant-app/features/onboarding/slides/SubscriptionSlide/components/PlanOptions/PlanOptions.tsx": {"path":"/Users/gokceer/Desktop/Projects/plant-app/features/onboarding/slides/SubscriptionSlide/components/PlanOptions/PlanOptions.tsx","statementMap":{"0":{"start":{"line":12,"column":22},"end":{"line":24,"column":10}},"1":{"start":{"line":28,"column":20},"end":{"line":46,"column":1}},"2":{"start":{"line":29,"column":42},"end":{"line":29,"column":68}},"3":{"start":{"line":31,"column":2},"end":{"line":45,"column":4}},"4":{"start":{"line":34,"column":8},"end":{"line":42,"column":10}},"5":{"start":{"line":41,"column":25},"end":{"line":41,"column":49}},"6":{"start":{"line":50,"column":15},"end":{"line":54,"column":2}}},"fnMap":{"0":{"name":"(anonymous_0)","decl":{"start":{"line":28,"column":20},"end":{"line":28,"column":21}},"loc":{"start":{"line":28,"column":26},"end":{"line":46,"column":1}},"line":28},"1":{"name":"(anonymous_1)","decl":{"start":{"line":33,"column":17},"end":{"line":33,"column":18}},"loc":{"start":{"line":34,"column":8},"end":{"line":42,"column":10}},"line":34},"2":{"name":"(anonymous_2)","decl":{"start":{"line":41,"column":19},"end":{"line":41,"column":20}},"loc":{"start":{"line":41,"column":25},"end":{"line":41,"column":49}},"line":41}},"branchMap":{},"s":{"0":4,"1":4,"2":13,"3":13,"4":26,"5":1,"6":4},"f":{"0":13,"1":26,"2":1},"b":{},"_coverageSchema":"1a1c01bbd47fc00a2c39e90264f33305004495a9","hash":"f49951ce4376f3ac31336c1890756dd08c71319a"}
,"/Users/gokceer/Desktop/Projects/plant-app/features/onboarding/slides/SubscriptionSlide/components/SubscriptionNote/SubscriptionNote.tsx": {"path":"/Users/gokceer/Desktop/Projects/plant-app/features/onboarding/slides/SubscriptionSlide/components/SubscriptionNote/SubscriptionNote.tsx","statementMap":{"0":{"start":{"line":4,"column":25},"end":{"line":12,"column":1}},"1":{"start":{"line":5,"column":2},"end":{"line":11,"column":4}},"2":{"start":{"line":16,"column":15},"end":{"line":24,"column":2}}},"fnMap":{"0":{"name":"(anonymous_0)","decl":{"start":{"line":4,"column":25},"end":{"line":4,"column":26}},"loc":{"start":{"line":4,"column":31},"end":{"line":12,"column":1}},"line":4}},"branchMap":{},"s":{"0":4,"1":10,"2":4},"f":{"0":10},"b":{},"_coverageSchema":"1a1c01bbd47fc00a2c39e90264f33305004495a9","hash":"a5811d5915145a6a3eab14cddf918175a57823c1"}
,"/Users/gokceer/Desktop/Projects/plant-app/features/onboarding/slides/UsageGuideSlide/UsageGuideSlide.tsx": {"path":"/Users/gokceer/Desktop/Projects/plant-app/features/onboarding/slides/UsageGuideSlide/UsageGuideSlide.tsx","statementMap":{"0":{"start":{"line":6,"column":53},"end":{"line":6,"column":77}},"1":{"start":{"line":8,"column":24},"end":{"line":39,"column":1}},"2":{"start":{"line":9,"column":2},"end":{"line":38,"column":4}},"3":{"start":{"line":43,"column":15},"end":{"line":86,"column":2}}},"fnMap":{"0":{"name":"(anonymous_0)","decl":{"start":{"line":8,"column":24},"end":{"line":8,"column":25}},"loc":{"start":{"line":8,"column":30},"end":{"line":39,"column":1}},"line":8}},"branchMap":{},"s":{"0":3,"1":3,"2":7,"3":3},"f":{"0":7},"b":{},"_coverageSchema":"1a1c01bbd47fc00a2c39e90264f33305004495a9","hash":"921055347d7b31f9cf573247535ea42d338b474e"}
,"/Users/gokceer/Desktop/Projects/plant-app/features/onboarding/slides/UsageGuideSlide/index.ts": {"path":"/Users/gokceer/Desktop/Projects/plant-app/features/onboarding/slides/UsageGuideSlide/index.ts","statementMap":{},"fnMap":{},"branchMap":{},"s":{},"f":{},"b":{},"_coverageSchema":"1a1c01bbd47fc00a2c39e90264f33305004495a9","hash":"bc957292d5fcc22e3f704ab766981da252d3fe70"}
,"/Users/gokceer/Desktop/Projects/plant-app/features/onboarding/slides/WelcomeSlide/WelcomeSlide.tsx": {"path":"/Users/gokceer/Desktop/Projects/plant-app/features/onboarding/slides/WelcomeSlide/WelcomeSlide.tsx","statementMap":{"0":{"start":{"line":5,"column":53},"end":{"line":5,"column":77}},"1":{"start":{"line":7,"column":21},"end":{"line":25,"column":1}},"2":{"start":{"line":8,"column":2},"end":{"line":24,"column":4}},"3":{"start":{"line":29,"column":15},"end":{"line":68,"column":2}}},"fnMap":{"0":{"name":"(anonymous_0)","decl":{"start":{"line":7,"column":21},"end":{"line":7,"column":22}},"loc":{"start":{"line":7,"column":27},"end":{"line":25,"column":1}},"line":7}},"branchMap":{},"s":{"0":3,"1":3,"2":7,"3":3},"f":{"0":7},"b":{},"_coverageSchema":"1a1c01bbd47fc00a2c39e90264f33305004495a9","hash":"b08bc92f55dc5fbf96edf651fbde19a31029a80e"}
,"/Users/gokceer/Desktop/Projects/plant-app/features/onboarding/slides/WelcomeSlide/index.ts": {"path":"/Users/gokceer/Desktop/Projects/plant-app/features/onboarding/slides/WelcomeSlide/index.ts","statementMap":{},"fnMap":{},"branchMap":{},"s":{},"f":{},"b":{},"_coverageSchema":"1a1c01bbd47fc00a2c39e90264f33305004495a9","hash":"68a4c536f024bcdf2b899db344f15e652ff9c93e"}
,"/Users/gokceer/Desktop/Projects/plant-app/features/onboarding/utils/createSlides.tsx": {"path":"/Users/gokceer/Desktop/Projects/plant-app/features/onboarding/utils/createSlides.tsx","statementMap":{"0":{"start":{"line":8,"column":28},"end":{"line":13,"column":1}},"1":{"start":{"line":8,"column":52},"end":{"line":13,"column":1}}},"fnMap":{"0":{"name":"(anonymous_0)","decl":{"start":{"line":8,"column":28},"end":{"line":8,"column":29}},"loc":{"start":{"line":8,"column":52},"end":{"line":13,"column":1}},"line":8}},"branchMap":{},"s":{"0":2,"1":7},"f":{"0":7},"b":{},"_coverageSchema":"1a1c01bbd47fc00a2c39e90264f33305004495a9","hash":"32b148db205a0b291c101aab0bda4287b7a2f579"}
,"/Users/gokceer/Desktop/Projects/plant-app/hooks/useOnboarding.ts": {"path":"/Users/gokceer/Desktop/Projects/plant-app/hooks/useOnboarding.ts","statementMap":{"0":{"start":{"line":4,"column":22},"end":{"line":36,"column":1}},"1":{"start":{"line":5,"column":58},"end":{"line":7,"column":9}},"2":{"start":{"line":8,"column":36},"end":{"line":8,"column":50}},"3":{"start":{"line":10,"column":2},"end":{"line":24,"column":9}},"4":{"start":{"line":11,"column":34},"end":{"line":21,"column":5}},"5":{"start":{"line":12,"column":6},"end":{"line":20,"column":7}},"6":{"start":{"line":13,"column":22},"end":{"line":13,"column":69}},"7":{"start":{"line":14,"column":8},"end":{"line":14,"column":50}},"8":{"start":{"line":16,"column":8},"end":{"line":16,"column":65}},"9":{"start":{"line":17,"column":8},"end":{"line":17,"column":39}},"10":{"start":{"line":19,"column":8},"end":{"line":19,"column":28}},"11":{"start":{"line":23,"column":4},"end":{"line":23,"column":28}},"12":{"start":{"line":26,"column":29},"end":{"line":33,"column":3}},"13":{"start":{"line":27,"column":4},"end":{"line":32,"column":5}},"14":{"start":{"line":28,"column":6},"end":{"line":28,"column":62}},"15":{"start":{"line":29,"column":6},"end":{"line":29,"column":36}},"16":{"start":{"line":31,"column":6},"end":{"line":31,"column":62}},"17":{"start":{"line":35,"column":2},"end":{"line":35,"column":65}}},"fnMap":{"0":{"name":"(anonymous_0)","decl":{"start":{"line":4,"column":22},"end":{"line":4,"column":23}},"loc":{"start":{"line":4,"column":28},"end":{"line":36,"column":1}},"line":4},"1":{"name":"(anonymous_1)","decl":{"start":{"line":10,"column":12},"end":{"line":10,"column":13}},"loc":{"start":{"line":10,"column":18},"end":{"line":24,"column":3}},"line":10},"2":{"name":"(anonymous_2)","decl":{"start":{"line":11,"column":34},"end":{"line":11,"column":35}},"loc":{"start":{"line":11,"column":46},"end":{"line":21,"column":5}},"line":11},"3":{"name":"(anonymous_3)","decl":{"start":{"line":26,"column":29},"end":{"line":26,"column":30}},"loc":{"start":{"line":26,"column":41},"end":{"line":33,"column":3}},"line":26}},"branchMap":{},"s":{"0":1,"1":11,"2":11,"3":11,"4":5,"5":5,"6":5,"7":4,"8":1,"9":1,"10":5,"11":5,"12":11,"13":2,"14":2,"15":1,"16":1,"17":11},"f":{"0":11,"1":5,"2":5,"3":2},"b":{},"_coverageSchema":"1a1c01bbd47fc00a2c39e90264f33305004495a9","hash":"064497f28e5d4b04ca1bff07aa705305a014c0ca"}
,"/Users/gokceer/Desktop/Projects/plant-app/navigation/CustomTabBar.tsx": {"path":"/Users/gokceer/Desktop/Projects/plant-app/navigation/CustomTabBar.tsx","statementMap":{"0":{"start":{"line":6,"column":21},"end":{"line":6,"column":23}},"1":{"start":{"line":8,"column":21},"end":{"line":21,"column":1}},"2":{"start":{"line":9,"column":17},"end":{"line":9,"column":28}},"3":{"start":{"line":10,"column":2},"end":{"line":20,"column":4}},"4":{"start":{"line":12,"column":21},"end":{"line":12,"column":41}},"5":{"start":{"line":23,"column":15},"end":{"line":45,"column":2}}},"fnMap":{"0":{"name":"(anonymous_0)","decl":{"start":{"line":8,"column":21},"end":{"line":8,"column":22}},"loc":{"start":{"line":8,"column":27},"end":{"line":21,"column":1}},"line":8},"1":{"name":"(anonymous_1)","decl":{"start":{"line":12,"column":15},"end":{"line":12,"column":16}},"loc":{"start":{"line":12,"column":21},"end":{"line":12,"column":41}},"line":12}},"branchMap":{},"s":{"0":1,"1":1,"2":2,"3":2,"4":1,"5":1},"f":{"0":2,"1":1},"b":{},"_coverageSchema":"1a1c01bbd47fc00a2c39e90264f33305004495a9","hash":"5bdad947ad770b81fa2da555fccfebd010d2a5c8"}
}
