TN:
SF:assets/icons/ScanIcon.tsx
FN:4,(anonymous_0)
FNF:1
FNH:1
FNDA:2,(anonymous_0)
DA:4,1
DA:5,2
LF:2
LH:2
BRF:0
BRH:0
end_of_record
TN:
SF:assets/icons/arrowIcon.png
FNF:0
FNH:0
DA:1,2
LF:1
LH:1
BRF:0
BRH:0
end_of_record
TN:
SF:assets/icons/closeIcon.png
FNF:0
FNH:0
DA:1,2
LF:1
LH:1
BRF:0
BRH:0
end_of_record
TN:
SF:assets/icons/envelopeIcon.png
FNF:0
FNH:0
DA:1,2
LF:1
LH:1
BRF:0
BRH:0
end_of_record
TN:
SF:assets/icons/fastIcon.png
FNF:0
FNH:0
DA:1,4
LF:1
LH:1
BRF:0
BRH:0
end_of_record
TN:
SF:assets/icons/scanIcon.png
FNF:0
FNH:0
DA:1,4
LF:1
LH:1
BRF:0
BRH:0
end_of_record
TN:
SF:assets/icons/searchIcon.png
FNF:0
FNH:0
DA:1,3
LF:1
LH:1
BRF:0
BRH:0
end_of_record
TN:
SF:assets/images/blurredLeaves.png
FNF:0
FNH:0
DA:1,2
LF:1
LH:1
BRF:0
BRH:0
end_of_record
TN:
SF:assets/images/decorativeArtwork.png
FNF:0
FNH:0
DA:1,2
LF:1
LH:1
BRF:0
BRH:0
end_of_record
TN:
SF:assets/images/featureOverview.png
FNF:0
FNH:0
DA:1,2
LF:1
LH:1
BRF:0
BRH:0
end_of_record
TN:
SF:assets/images/headerBackground.png
FNF:0
FNH:0
DA:1,2
LF:1
LH:1
BRF:0
BRH:0
end_of_record
TN:
SF:assets/images/iPhoneScreen.png
FNF:0
FNH:0
DA:1,2
LF:1
LH:1
BRF:0
BRH:0
end_of_record
TN:
SF:assets/images/paywallPlant.png
FNF:0
FNH:0
DA:1,2
LF:1
LH:1
BRF:0
BRH:0
end_of_record
TN:
SF:assets/images/plantAppLogo.png
FNF:0
FNH:0
DA:1,1
LF:1
LH:1
BRF:0
BRH:0
end_of_record
TN:
SF:assets/images/welcomeSlidePlant.png
FNF:0
FNH:0
DA:1,2
LF:1
LH:1
BRF:0
BRH:0
end_of_record
TN:
SF:components/index.ts
FNF:0
FNH:0
LF:0
LH:0
BRF:0
BRH:0
end_of_record
TN:
SF:components/ComingSoon/ComingSoon.tsx
FN:4,(anonymous_0)
FNF:1
FNH:1
FNDA:1,(anonymous_0)
DA:4,10
DA:5,1
DA:18,10
LF:3
LH:3
BRF:0
BRH:0
end_of_record
TN:
SF:components/GradientText/GradientText.tsx
FN:12,(anonymous_0)
FNF:1
FNH:1
FNDA:3,(anonymous_0)
DA:12,9
DA:13,3
DA:26,9
LF:3
LH:3
BRF:0
BRH:0
end_of_record
TN:
SF:components/MainButton/MainButton.tsx
FN:10,(anonymous_0)
FNF:1
FNH:1
FNDA:19,(anonymous_0)
DA:10,10
DA:11,19
DA:24,10
LF:3
LH:3
BRDA:15,0,0,19
BRDA:15,0,1,11
BRF:2
BRH:2
end_of_record
TN:
SF:components/RadioButton/RadioButton.tsx
FN:4,(anonymous_0)
FNF:1
FNH:1
FNDA:33,(anonymous_0)
DA:4,10
DA:5,33
DA:15,10
LF:3
LH:3
BRDA:6,0,0,33
BRDA:6,0,1,15
BRDA:9,1,0,33
BRDA:9,1,1,15
BRF:4
BRH:4
end_of_record
TN:
SF:components/SearchBar/SearchBar.tsx
FN:4,(anonymous_0)
FNF:1
FNH:1
FNDA:6,(anonymous_0)
DA:4,10
DA:5,6
DA:22,10
LF:3
LH:3
BRDA:12,0,0,6
BRDA:12,0,1,6
BRF:2
BRH:2
end_of_record
TN:
SF:features/home/HomeScreen.tsx
FN:23,(anonymous_0)
FN:30,(anonymous_1)
FN:36,(anonymous_2)
FN:38,(anonymous_3)
FNF:4
FNH:4
FNDA:4,(anonymous_0)
FNDA:4,(anonymous_1)
FNDA:4,(anonymous_2)
FNDA:4,(anonymous_3)
DA:23,1
DA:24,4
DA:30,4
DA:36,4
DA:38,4
DA:39,4
DA:40,4
DA:43,4
DA:44,4
DA:46,4
DA:47,2
DA:54,2
DA:55,1
DA:66,1
DA:87,1
LF:15
LH:15
BRDA:43,0,0,4
BRDA:43,0,1,2
BRDA:44,1,0,4
BRDA:44,1,1,3
BRDA:46,2,0,2
BRDA:46,2,1,2
BRDA:54,3,0,1
BRDA:54,3,1,1
BRDA:60,4,0,1
BRDA:60,4,1,0
BRF:10
BRH:9
end_of_record
TN:
SF:features/home/components/index.ts
FNF:0
FNH:0
LF:0
LH:0
BRF:0
BRH:0
end_of_record
TN:
SF:features/home/components/CategoryBox/CategoryBox.tsx
FN:17,(anonymous_0)
FNF:1
FNH:1
FNDA:6,(anonymous_0)
DA:11,3
DA:14,3
DA:15,3
DA:17,3
DA:24,6
DA:25,6
DA:45,3
LF:7
LH:7
BRF:0
BRH:0
end_of_record
TN:
SF:features/home/components/CategoryList/CategoryList.tsx
FN:6,(anonymous_0)
FN:11,(anonymous_1)
FN:12,(anonymous_2)
FNF:3
FNH:3
FNDA:3,(anonymous_0)
FNDA:8,(anonymous_1)
FNDA:5,(anonymous_2)
DA:6,2
DA:7,3
DA:11,8
DA:13,5
DA:25,2
LF:5
LH:5
BRF:0
BRH:0
end_of_record
TN:
SF:features/home/components/HeaderSection/HeaderSection.tsx
FN:15,(anonymous_0)
FN:16,(anonymous_1)
FNF:2
FNH:2
FNDA:5,(anonymous_0)
FNDA:5,(anonymous_1)
DA:11,2
DA:12,2
DA:13,2
DA:15,2
DA:16,5
DA:17,5
DA:19,5
DA:20,3
DA:21,2
DA:22,1
DA:25,5
DA:42,2
LF:12
LH:12
BRDA:19,0,0,2
BRDA:19,0,1,3
BRDA:19,1,0,5
BRDA:19,1,1,4
BRDA:20,2,0,1
BRDA:20,2,1,2
BRDA:20,3,0,3
BRDA:20,3,1,2
BRDA:21,4,0,1
BRDA:21,4,1,1
BRDA:21,5,0,2
BRDA:21,5,1,1
BRF:12
BRH:12
end_of_record
TN:
SF:features/home/components/PremiumBanner/PremiumBanner.tsx
FN:5,(anonymous_0)
FN:9,(anonymous_1)
FNF:2
FNH:2
FNDA:3,(anonymous_0)
FNDA:1,(anonymous_1)
DA:5,2
DA:6,3
DA:9,1
DA:38,2
LF:4
LH:4
BRF:0
BRH:0
end_of_record
TN:
SF:features/home/components/QuestionCard/QuestionCard.tsx
FN:5,(anonymous_0)
FNF:1
FNH:1
FNDA:4,(anonymous_0)
DA:5,3
DA:6,4
DA:19,3
LF:3
LH:3
BRF:0
BRH:0
end_of_record
TN:
SF:features/home/components/QuestionList/QuestionList.tsx
FN:6,(anonymous_0)
FN:16,(anonymous_1)
FNF:2
FNH:2
FNDA:3,(anonymous_0)
FNDA:3,(anonymous_1)
DA:6,2
DA:7,3
DA:17,3
DA:30,2
LF:4
LH:4
BRF:0
BRH:0
end_of_record
TN:
SF:features/onboarding/OnboardingScreen.tsx
FN:8,(anonymous_0)
FN:13,(anonymous_1)
FN:19,(anonymous_2)
FN:25,(anonymous_3)
FN:37,(anonymous_4)
FN:38,(anonymous_5)
FN:43,(anonymous_6)
FNF:7
FNH:7
FNDA:6,(anonymous_0)
FNDA:4,(anonymous_1)
FNDA:4,(anonymous_2)
FNDA:1,(anonymous_3)
FNDA:34,(anonymous_4)
FNDA:24,(anonymous_5)
FNDA:8,(anonymous_6)
DA:8,1
DA:9,6
DA:10,6
DA:11,6
DA:13,6
DA:14,4
DA:15,4
DA:19,4
DA:23,6
DA:25,6
DA:26,1
DA:27,1
DA:30,6
DA:32,6
DA:37,34
DA:38,24
DA:43,8
DA:62,1
LF:18
LH:18
BRDA:14,0,0,4
BRDA:14,0,1,0
BRDA:49,1,0,6
BRDA:49,1,1,5
BRF:4
BRH:3
end_of_record
TN:
SF:features/onboarding/components/Footer.tsx
FN:11,(anonymous_0)
FN:30,(anonymous_1)
FNF:2
FNH:2
FNDA:8,(anonymous_0)
FNDA:20,(anonymous_1)
DA:11,2
DA:12,8
DA:31,20
DA:46,2
LF:4
LH:4
BRDA:16,0,0,3
BRDA:16,0,1,5
BRDA:22,1,0,3
BRDA:22,1,1,5
BRDA:31,2,0,15
BRDA:31,2,1,5
BRDA:34,3,0,15
BRDA:34,3,1,5
BRF:8
BRH:8
end_of_record
TN:
SF:features/onboarding/slides/index.ts
FNF:0
FNH:0
LF:0
LH:0
BRF:0
BRH:0
end_of_record
TN:
SF:features/onboarding/slides/FeatureOverviewSlide/FeatureOverviewSlide.tsx
FN:7,(anonymous_0)
FNF:1
FNH:1
FNDA:7,(anonymous_0)
DA:5,3
DA:7,3
DA:8,7
DA:26,3
LF:4
LH:4
BRF:0
BRH:0
end_of_record
TN:
SF:features/onboarding/slides/FeatureOverviewSlide/index.ts
FNF:0
FNH:0
LF:0
LH:0
BRF:0
BRH:0
end_of_record
TN:
SF:features/onboarding/slides/SubscriptionSlide/SubscriptionSlide.tsx
FN:23,(anonymous_0)
FN:58,(anonymous_1)
FNF:2
FNH:2
FNDA:9,(anonymous_0)
FNDA:1,(anonymous_1)
DA:19,3
DA:20,3
DA:21,3
DA:23,3
DA:30,9
DA:58,1
DA:67,3
LF:7
LH:7
BRF:0
BRH:0
end_of_record
TN:
SF:features/onboarding/slides/SubscriptionSlide/index.ts
FNF:0
FNH:0
LF:0
LH:0
BRF:0
BRH:0
end_of_record
TN:
SF:features/onboarding/slides/SubscriptionSlide/components/index.ts
FNF:0
FNH:0
LF:0
LH:0
BRF:0
BRH:0
end_of_record
TN:
SF:features/onboarding/slides/SubscriptionSlide/components/FeatureBox/FeatureBox.tsx
FN:11,(anonymous_0)
FNF:1
FNH:1
FNDA:21,(anonymous_0)
DA:11,5
DA:20,21
DA:29,5
LF:3
LH:3
BRF:0
BRH:0
end_of_record
TN:
SF:features/onboarding/slides/SubscriptionSlide/components/FeatureHeader/FeatureHeader.tsx
FN:4,(anonymous_0)
FNF:1
FNH:1
FNDA:10,(anonymous_0)
DA:4,4
DA:5,10
DA:17,4
LF:3
LH:3
BRF:0
BRH:0
end_of_record
TN:
SF:features/onboarding/slides/SubscriptionSlide/components/FeatureList/FeatureList.tsx
FN:18,(anonymous_0)
FN:26,(anonymous_1)
FNF:2
FNH:2
FNDA:10,(anonymous_0)
FNDA:20,(anonymous_1)
DA:5,4
DA:18,4
DA:19,10
DA:27,20
DA:41,4
LF:5
LH:5
BRF:0
BRH:0
end_of_record
TN:
SF:features/onboarding/slides/SubscriptionSlide/components/FooterLinks/FooterLinks.tsx
FN:4,(anonymous_0)
FNF:1
FNH:1
FNDA:10,(anonymous_0)
DA:4,4
DA:5,10
DA:18,4
LF:3
LH:3
BRF:0
BRH:0
end_of_record
TN:
SF:features/onboarding/slides/SubscriptionSlide/components/PlanCard/PlanCard.tsx
FN:4,(anonymous_0)
FNF:1
FNH:1
FNDA:30,(anonymous_0)
DA:4,5
DA:19,30
DA:45,5
LF:3
LH:3
BRDA:23,0,0,13
BRDA:23,0,1,17
BRDA:31,1,0,30
BRDA:31,1,1,14
BRF:4
BRH:4
end_of_record
TN:
SF:features/onboarding/slides/SubscriptionSlide/components/PlanOptions/PlanOptions.tsx
FN:28,(anonymous_0)
FN:33,(anonymous_1)
FN:41,(anonymous_2)
FNF:3
FNH:3
FNDA:13,(anonymous_0)
FNDA:26,(anonymous_1)
FNDA:1,(anonymous_2)
DA:12,4
DA:28,4
DA:29,13
DA:31,13
DA:34,26
DA:41,1
DA:50,4
LF:7
LH:7
BRF:0
BRH:0
end_of_record
TN:
SF:features/onboarding/slides/SubscriptionSlide/components/SubscriptionNote/SubscriptionNote.tsx
FN:4,(anonymous_0)
FNF:1
FNH:1
FNDA:10,(anonymous_0)
DA:4,4
DA:5,10
DA:16,4
LF:3
LH:3
BRF:0
BRH:0
end_of_record
TN:
SF:features/onboarding/slides/UsageGuideSlide/UsageGuideSlide.tsx
FN:8,(anonymous_0)
FNF:1
FNH:1
FNDA:7,(anonymous_0)
DA:6,3
DA:8,3
DA:9,7
DA:43,3
LF:4
LH:4
BRF:0
BRH:0
end_of_record
TN:
SF:features/onboarding/slides/UsageGuideSlide/index.ts
FNF:0
FNH:0
LF:0
LH:0
BRF:0
BRH:0
end_of_record
TN:
SF:features/onboarding/slides/WelcomeSlide/WelcomeSlide.tsx
FN:7,(anonymous_0)
FNF:1
FNH:1
FNDA:7,(anonymous_0)
DA:5,3
DA:7,3
DA:8,7
DA:29,3
LF:4
LH:4
BRF:0
BRH:0
end_of_record
TN:
SF:features/onboarding/slides/WelcomeSlide/index.ts
FNF:0
FNH:0
LF:0
LH:0
BRF:0
BRH:0
end_of_record
TN:
SF:features/onboarding/utils/createSlides.tsx
FN:8,(anonymous_0)
FNF:1
FNH:1
FNDA:7,(anonymous_0)
DA:8,7
LF:1
LH:1
BRF:0
BRH:0
end_of_record
TN:
SF:hooks/useOnboarding.ts
FN:4,(anonymous_0)
FN:10,(anonymous_1)
FN:11,(anonymous_2)
FN:26,(anonymous_3)
FNF:4
FNH:4
FNDA:11,(anonymous_0)
FNDA:5,(anonymous_1)
FNDA:5,(anonymous_2)
FNDA:2,(anonymous_3)
DA:4,1
DA:5,11
DA:8,11
DA:10,11
DA:11,5
DA:12,5
DA:13,5
DA:14,4
DA:16,1
DA:17,1
DA:19,5
DA:23,5
DA:26,11
DA:27,2
DA:28,2
DA:29,1
DA:31,1
DA:35,11
LF:18
LH:18
BRF:0
BRH:0
end_of_record
TN:
SF:navigation/CustomTabBar.tsx
FN:8,(anonymous_0)
FN:12,(anonymous_1)
FNF:2
FNH:2
FNDA:2,(anonymous_0)
FNDA:1,(anonymous_1)
DA:6,1
DA:8,1
DA:9,2
DA:10,2
DA:12,1
DA:23,1
LF:6
LH:6
BRF:0
BRH:0
end_of_record
